\BOOKMARK [0][-]{chapter.1}{Introduction}{}% 1
\BOOKMARK [0][-]{chapter.2}{Theory}{}% 2
\BOOKMARK [1][-]{section.2.1}{Fluorescence}{chapter.2}% 3
\BOOKMARK [2][-]{subsection.2.1.1}{Excitation}{section.2.1}% 4
\BOOKMARK [2][-]{subsection.2.1.2}{Vibrational relaxation}{section.2.1}% 5
\BOOKMARK [2][-]{subsection.2.1.3}{Emission}{section.2.1}% 6
\BOOKMARK [1][-]{section.2.2}{Fluorescence Resonance Energy Transfer}{chapter.2}% 7
\BOOKMARK [1][-]{section.2.3}{FluRedox principles and labelled azurin}{chapter.2}% 8
\BOOKMARK [1][-]{section.2.4}{Single molecules techniques}{chapter.2}% 9
\BOOKMARK [2][-]{subsection.2.4.1}{Fluorescence Correlation Spectroscopy}{section.2.4}% 10
\BOOKMARK [2][-]{subsection.2.4.2}{Confocal Laser Scanning Microscopy}{section.2.4}% 11
\BOOKMARK [1][-]{section.2.5}{Binding protein to the surface}{chapter.2}% 12
\BOOKMARK [1][-]{section.2.6}{Oxidation-reduction reactions}{chapter.2}% 13
\BOOKMARK [1][-]{section.2.7}{Electrochemical detection}{chapter.2}% 14
\BOOKMARK [0][-]{chapter.3}{Experimental setup}{}% 15
\BOOKMARK [1][-]{section.3.1}{Changing the potential chemically}{chapter.3}% 16
\BOOKMARK [1][-]{section.3.2}{Process to the final setup}{chapter.3}% 17
\BOOKMARK [2][-]{subsection.3.2.1}{Proteins on the surface}{section.3.2}% 18
\BOOKMARK [2][-]{subsection.3.2.2}{The working electrode}{section.3.2}% 19
\BOOKMARK [0][-]{chapter.4}{Results and discussion}{}% 20
\BOOKMARK [1][-]{subsection.4.0.3}{Timetraces CuAz}{chapter.4}% 21
\BOOKMARK [2][-]{subsection.4.0.4}{Autocorrelation CuAz}{subsection.4.0.3}% 22
\BOOKMARK [2][-]{subsection.4.0.5}{Distribution midpoint potential CuAz}{subsection.4.0.3}% 23
