This is pdfTeX, Version 3.1415926-2.4-1.40.13 (TeX Live 2012) (format=pdflatex 2012.6.30)  12 JUL 2017 12:56
entering extended mode
 restricted \write18 enabled.
 %&-line parsing enabled.
**Thesis_Sebby_June2017.tex
(./Thesis_Sebby_June2017.tex
LaTeX2e <2011/06/27>
Babel <v3.8m> and hyphenation patterns for english, dumylang, nohyphenation, ge
rman-x-2012-05-30, ngerman-x-2012-05-30, afrikaans, ancientgreek, ibycus, arabi
c, armenian, basque, bulgarian, catalan, pinyin, coptic, croatian, czech, danis
h, dutch, ukenglish, usenglishmax, esperanto, estonian, ethiopic, farsi, finnis
h, french, friulan, galician, german, ngerman, swissgerman, monogreek, greek, h
ungarian, icelandic, assamese, bengali, gujarati, hindi, kannada, malayalam, ma
rathi, oriya, panjabi, tamil, telugu, indonesian, interlingua, irish, italian, 
kurmanji, latin, latvian, lithuanian, mongolian, mongolianlmc, bokmal, nynorsk,
 polish, portuguese, romanian, romansh, russian, sanskrit, serbian, serbianc, s
lovak, slovenian, spanish, swedish, turkish, turkmen, ukrainian, uppersorbian, 
welsh, loaded.
(./lion-msc.cls

Document Class: lion-msc 2014/07/10 v0.24

Leiden Institute of Physics thesis class - version 0.24

Copyright (c) 2014 Michiel de Dood
Please send questions, comments, additions, complaints to:
dood@physics.leidenuniv.nl

loading report class
single linespacing
(/usr/local/texlive/2012/texmf-dist/tex/latex/base/report.cls
Document Class: report 2007/10/19 v1.4h Standard LaTeX document class
(/usr/local/texlive/2012/texmf-dist/tex/latex/base/fleqn.clo
File: fleqn.clo 1998/08/17 v1.1c Standard LaTeX option (flush left equations)
\mathindent=\dimen102
)
(/usr/local/texlive/2012/texmf-dist/tex/latex/base/size12.clo
File: size12.clo 2007/10/19 v1.4h Standard LaTeX file (size option)
)
\c@part=\count79
\c@chapter=\count80
\c@section=\count81
\c@subsection=\count82
\c@subsubsection=\count83
\c@paragraph=\count84
\c@subparagraph=\count85
\c@figure=\count86
\c@table=\count87
\abovecaptionskip=\skip41
\belowcaptionskip=\skip42
\bibindent=\dimen103
)
(/usr/local/texlive/2012/texmf-dist/tex/latex/natbib/natbib.sty
Package: natbib 2010/09/13 8.31b (PWD, AO)
\bibhang=\skip43
\bibsep=\skip44
LaTeX Info: Redefining \cite on input line 694.
\c@NAT@ctr=\count88
)
(/usr/local/texlive/2012/texmf-dist/tex/latex/base/inputenc.sty
Package: inputenc 2008/03/30 v1.1d Input encoding file
\inpenc@prehook=\toks14
\inpenc@posthook=\toks15

(/usr/local/texlive/2012/texmf-dist/tex/latex/base/utf8.def
File: utf8.def 2008/04/05 v1.1m UTF-8 support for inputenc
Now handling font encoding OML ...
... no UTF-8 mapping file for font encoding OML
Now handling font encoding T1 ...
... processing UTF-8 mapping file for font encoding T1

(/usr/local/texlive/2012/texmf-dist/tex/latex/base/t1enc.dfu
File: t1enc.dfu 2008/04/05 v1.1m UTF-8 support for inputenc
   defining Unicode char U+00A1 (decimal 161)
   defining Unicode char U+00A3 (decimal 163)
   defining Unicode char U+00AB (decimal 171)
   defining Unicode char U+00BB (decimal 187)
   defining Unicode char U+00BF (decimal 191)
   defining Unicode char U+00C0 (decimal 192)
   defining Unicode char U+00C1 (decimal 193)
   defining Unicode char U+00C2 (decimal 194)
   defining Unicode char U+00C3 (decimal 195)
   defining Unicode char U+00C4 (decimal 196)
   defining Unicode char U+00C5 (decimal 197)
   defining Unicode char U+00C6 (decimal 198)
   defining Unicode char U+00C7 (decimal 199)
   defining Unicode char U+00C8 (decimal 200)
   defining Unicode char U+00C9 (decimal 201)
   defining Unicode char U+00CA (decimal 202)
   defining Unicode char U+00CB (decimal 203)
   defining Unicode char U+00CC (decimal 204)
   defining Unicode char U+00CD (decimal 205)
   defining Unicode char U+00CE (decimal 206)
   defining Unicode char U+00CF (decimal 207)
   defining Unicode char U+00D0 (decimal 208)
   defining Unicode char U+00D1 (decimal 209)
   defining Unicode char U+00D2 (decimal 210)
   defining Unicode char U+00D3 (decimal 211)
   defining Unicode char U+00D4 (decimal 212)
   defining Unicode char U+00D5 (decimal 213)
   defining Unicode char U+00D6 (decimal 214)
   defining Unicode char U+00D8 (decimal 216)
   defining Unicode char U+00D9 (decimal 217)
   defining Unicode char U+00DA (decimal 218)
   defining Unicode char U+00DB (decimal 219)
   defining Unicode char U+00DC (decimal 220)
   defining Unicode char U+00DD (decimal 221)
   defining Unicode char U+00DE (decimal 222)
   defining Unicode char U+00DF (decimal 223)
   defining Unicode char U+00E0 (decimal 224)
   defining Unicode char U+00E1 (decimal 225)
   defining Unicode char U+00E2 (decimal 226)
   defining Unicode char U+00E3 (decimal 227)
   defining Unicode char U+00E4 (decimal 228)
   defining Unicode char U+00E5 (decimal 229)
   defining Unicode char U+00E6 (decimal 230)
   defining Unicode char U+00E7 (decimal 231)
   defining Unicode char U+00E8 (decimal 232)
   defining Unicode char U+00E9 (decimal 233)
   defining Unicode char U+00EA (decimal 234)
   defining Unicode char U+00EB (decimal 235)
   defining Unicode char U+00EC (decimal 236)
   defining Unicode char U+00ED (decimal 237)
   defining Unicode char U+00EE (decimal 238)
   defining Unicode char U+00EF (decimal 239)
   defining Unicode char U+00F0 (decimal 240)
   defining Unicode char U+00F1 (decimal 241)
   defining Unicode char U+00F2 (decimal 242)
   defining Unicode char U+00F3 (decimal 243)
   defining Unicode char U+00F4 (decimal 244)
   defining Unicode char U+00F5 (decimal 245)
   defining Unicode char U+00F6 (decimal 246)
   defining Unicode char U+00F8 (decimal 248)
   defining Unicode char U+00F9 (decimal 249)
   defining Unicode char U+00FA (decimal 250)
   defining Unicode char U+00FB (decimal 251)
   defining Unicode char U+00FC (decimal 252)
   defining Unicode char U+00FD (decimal 253)
   defining Unicode char U+00FE (decimal 254)
   defining Unicode char U+00FF (decimal 255)
   defining Unicode char U+0102 (decimal 258)
   defining Unicode char U+0103 (decimal 259)
   defining Unicode char U+0104 (decimal 260)
   defining Unicode char U+0105 (decimal 261)
   defining Unicode char U+0106 (decimal 262)
   defining Unicode char U+0107 (decimal 263)
   defining Unicode char U+010C (decimal 268)
   defining Unicode char U+010D (decimal 269)
   defining Unicode char U+010E (decimal 270)
   defining Unicode char U+010F (decimal 271)
   defining Unicode char U+0110 (decimal 272)
   defining Unicode char U+0111 (decimal 273)
   defining Unicode char U+0118 (decimal 280)
   defining Unicode char U+0119 (decimal 281)
   defining Unicode char U+011A (decimal 282)
   defining Unicode char U+011B (decimal 283)
   defining Unicode char U+011E (decimal 286)
   defining Unicode char U+011F (decimal 287)
   defining Unicode char U+0130 (decimal 304)
   defining Unicode char U+0131 (decimal 305)
   defining Unicode char U+0132 (decimal 306)
   defining Unicode char U+0133 (decimal 307)
   defining Unicode char U+0139 (decimal 313)
   defining Unicode char U+013A (decimal 314)
   defining Unicode char U+013D (decimal 317)
   defining Unicode char U+013E (decimal 318)
   defining Unicode char U+0141 (decimal 321)
   defining Unicode char U+0142 (decimal 322)
   defining Unicode char U+0143 (decimal 323)
   defining Unicode char U+0144 (decimal 324)
   defining Unicode char U+0147 (decimal 327)
   defining Unicode char U+0148 (decimal 328)
   defining Unicode char U+014A (decimal 330)
   defining Unicode char U+014B (decimal 331)
   defining Unicode char U+0150 (decimal 336)
   defining Unicode char U+0151 (decimal 337)
   defining Unicode char U+0152 (decimal 338)
   defining Unicode char U+0153 (decimal 339)
   defining Unicode char U+0154 (decimal 340)
   defining Unicode char U+0155 (decimal 341)
   defining Unicode char U+0158 (decimal 344)
   defining Unicode char U+0159 (decimal 345)
   defining Unicode char U+015A (decimal 346)
   defining Unicode char U+015B (decimal 347)
   defining Unicode char U+015E (decimal 350)
   defining Unicode char U+015F (decimal 351)
   defining Unicode char U+0160 (decimal 352)
   defining Unicode char U+0161 (decimal 353)
   defining Unicode char U+0162 (decimal 354)
   defining Unicode char U+0163 (decimal 355)
   defining Unicode char U+0164 (decimal 356)
   defining Unicode char U+0165 (decimal 357)
   defining Unicode char U+016E (decimal 366)
   defining Unicode char U+016F (decimal 367)
   defining Unicode char U+0170 (decimal 368)
   defining Unicode char U+0171 (decimal 369)
   defining Unicode char U+0178 (decimal 376)
   defining Unicode char U+0179 (decimal 377)
   defining Unicode char U+017A (decimal 378)
   defining Unicode char U+017B (decimal 379)
   defining Unicode char U+017C (decimal 380)
   defining Unicode char U+017D (decimal 381)
   defining Unicode char U+017E (decimal 382)
   defining Unicode char U+200C (decimal 8204)
   defining Unicode char U+2013 (decimal 8211)
   defining Unicode char U+2014 (decimal 8212)
   defining Unicode char U+2018 (decimal 8216)
   defining Unicode char U+2019 (decimal 8217)
   defining Unicode char U+201A (decimal 8218)
   defining Unicode char U+201C (decimal 8220)
   defining Unicode char U+201D (decimal 8221)
   defining Unicode char U+201E (decimal 8222)
   defining Unicode char U+2030 (decimal 8240)
   defining Unicode char U+2031 (decimal 8241)
   defining Unicode char U+2039 (decimal 8249)
   defining Unicode char U+203A (decimal 8250)
   defining Unicode char U+2423 (decimal 9251)
)
Now handling font encoding OT1 ...
... processing UTF-8 mapping file for font encoding OT1

(/usr/local/texlive/2012/texmf-dist/tex/latex/base/ot1enc.dfu
File: ot1enc.dfu 2008/04/05 v1.1m UTF-8 support for inputenc
   defining Unicode char U+00A1 (decimal 161)
   defining Unicode char U+00A3 (decimal 163)
   defining Unicode char U+00B8 (decimal 184)
   defining Unicode char U+00BF (decimal 191)
   defining Unicode char U+00C5 (decimal 197)
   defining Unicode char U+00C6 (decimal 198)
   defining Unicode char U+00D8 (decimal 216)
   defining Unicode char U+00DF (decimal 223)
   defining Unicode char U+00E6 (decimal 230)
   defining Unicode char U+00EC (decimal 236)
   defining Unicode char U+00ED (decimal 237)
   defining Unicode char U+00EE (decimal 238)
   defining Unicode char U+00EF (decimal 239)
   defining Unicode char U+00F8 (decimal 248)
   defining Unicode char U+0131 (decimal 305)
   defining Unicode char U+0141 (decimal 321)
   defining Unicode char U+0142 (decimal 322)
   defining Unicode char U+0152 (decimal 338)
   defining Unicode char U+0153 (decimal 339)
   defining Unicode char U+2013 (decimal 8211)
   defining Unicode char U+2014 (decimal 8212)
   defining Unicode char U+2018 (decimal 8216)
   defining Unicode char U+2019 (decimal 8217)
   defining Unicode char U+201C (decimal 8220)
   defining Unicode char U+201D (decimal 8221)
)
Now handling font encoding OMS ...
... processing UTF-8 mapping file for font encoding OMS

(/usr/local/texlive/2012/texmf-dist/tex/latex/base/omsenc.dfu
File: omsenc.dfu 2008/04/05 v1.1m UTF-8 support for inputenc
   defining Unicode char U+00A7 (decimal 167)
   defining Unicode char U+00B6 (decimal 182)
   defining Unicode char U+00B7 (decimal 183)
   defining Unicode char U+2020 (decimal 8224)
   defining Unicode char U+2021 (decimal 8225)
   defining Unicode char U+2022 (decimal 8226)
)
Now handling font encoding OMX ...
... no UTF-8 mapping file for font encoding OMX
Now handling font encoding U ...
... no UTF-8 mapping file for font encoding U
   defining Unicode char U+00A9 (decimal 169)
   defining Unicode char U+00AA (decimal 170)
   defining Unicode char U+00AE (decimal 174)
   defining Unicode char U+00BA (decimal 186)
   defining Unicode char U+02C6 (decimal 710)
   defining Unicode char U+02DC (decimal 732)
   defining Unicode char U+200C (decimal 8204)
   defining Unicode char U+2026 (decimal 8230)
   defining Unicode char U+2122 (decimal 8482)
   defining Unicode char U+2423 (decimal 9251)
))
(/usr/local/texlive/2012/texmf-dist/tex/latex/psnfss/mathpazo.sty
Package: mathpazo 2005/04/12 PSNFSS-v9.2a Palatino w/ Pazo Math (D.Puga, WaS) 
\symupright=\mathgroup4
)
(/usr/local/texlive/2012/texmf-dist/tex/latex/amsmath/amsmath.sty
Package: amsmath 2000/07/18 v2.13 AMS math features
\@mathmargin=\skip45

For additional information on amsmath, use the `?' option.
(/usr/local/texlive/2012/texmf-dist/tex/latex/amsmath/amstext.sty
Package: amstext 2000/06/29 v2.01

(/usr/local/texlive/2012/texmf-dist/tex/latex/amsmath/amsgen.sty
File: amsgen.sty 1999/11/30 v2.0
\@emptytoks=\toks16
\ex@=\dimen104
))
(/usr/local/texlive/2012/texmf-dist/tex/latex/amsmath/amsbsy.sty
Package: amsbsy 1999/11/29 v1.2d
\pmbraise@=\dimen105
)
(/usr/local/texlive/2012/texmf-dist/tex/latex/amsmath/amsopn.sty
Package: amsopn 1999/12/14 v2.01 operator names
)
\inf@bad=\count89
LaTeX Info: Redefining \frac on input line 211.
\uproot@=\count90
\leftroot@=\count91
LaTeX Info: Redefining \overline on input line 307.
\classnum@=\count92
\DOTSCASE@=\count93
LaTeX Info: Redefining \ldots on input line 379.
LaTeX Info: Redefining \dots on input line 382.
LaTeX Info: Redefining \cdots on input line 467.
\Mathstrutbox@=\box26
\strutbox@=\box27
\big@size=\dimen106
LaTeX Font Info:    Redeclaring font encoding OML on input line 567.
LaTeX Font Info:    Redeclaring font encoding OMS on input line 568.
\macc@depth=\count94
\c@MaxMatrixCols=\count95
\dotsspace@=\muskip10
\c@parentequation=\count96
\dspbrk@lvl=\count97
\tag@help=\toks17
\row@=\count98
\column@=\count99
\maxfields@=\count100
\andhelp@=\toks18
\eqnshift@=\dimen107
\alignsep@=\dimen108
\tagshift@=\dimen109
\tagwidth@=\dimen110
\totwidth@=\dimen111
\lineht@=\dimen112
\@envbody=\toks19
\multlinegap=\skip46
\multlinetaggap=\skip47
\mathdisplay@stack=\toks20
LaTeX Info: Redefining \[ on input line 2666.
LaTeX Info: Redefining \] on input line 2667.
)
(/usr/local/texlive/2012/texmf-dist/tex/latex/amsfonts/amssymb.sty
Package: amssymb 2009/06/22 v3.00

(/usr/local/texlive/2012/texmf-dist/tex/latex/amsfonts/amsfonts.sty
Package: amsfonts 2009/06/22 v3.00 Basic AMSFonts support
\symAMSa=\mathgroup5
\symAMSb=\mathgroup6
LaTeX Font Info:    Overwriting math alphabet `\mathfrak' in version `bold'
(Font)                  U/euf/m/n --> U/euf/b/n on input line 96.
))
(/usr/local/texlive/2012/texmf-dist/tex/latex/appendix/appendix.sty
Package: appendix 2009/09/02 v1.2b extra appendix facilities
\c@@pps=\count101
\c@@ppsavesec=\count102
\c@@ppsaveapp=\count103
)
(/usr/local/texlive/2012/texmf-dist/tex/latex/graphics/graphicx.sty
Package: graphicx 1999/02/16 v1.0f Enhanced LaTeX Graphics (DPC,SPQR)

(/usr/local/texlive/2012/texmf-dist/tex/latex/graphics/keyval.sty
Package: keyval 1999/03/16 v1.13 key=value parser (DPC)
\KV@toks@=\toks21
)
(/usr/local/texlive/2012/texmf-dist/tex/latex/graphics/graphics.sty
Package: graphics 2009/02/05 v1.0o Standard LaTeX Graphics (DPC,SPQR)

(/usr/local/texlive/2012/texmf-dist/tex/latex/graphics/trig.sty
Package: trig 1999/03/16 v1.09 sin cos tan (DPC)
)
(/usr/local/texlive/2012/texmf-dist/tex/latex/latexconfig/graphics.cfg
File: graphics.cfg 2010/04/23 v1.9 graphics configuration of TeX Live
)
Package graphics Info: Driver file: pdftex.def on input line 91.

(/usr/local/texlive/2012/texmf-dist/tex/latex/pdftex-def/pdftex.def
File: pdftex.def 2011/05/27 v0.06d Graphics/color for pdfTeX

(/usr/local/texlive/2012/texmf-dist/tex/generic/oberdiek/infwarerr.sty
Package: infwarerr 2010/04/08 v1.3 Providing info/warning/error messages (HO)
)
(/usr/local/texlive/2012/texmf-dist/tex/generic/oberdiek/ltxcmds.sty
Package: ltxcmds 2011/11/09 v1.22 LaTeX kernel commands for general use (HO)
)
\Gread@gobject=\count104
))
\Gin@req@height=\dimen113
\Gin@req@width=\dimen114
)
(/usr/local/texlive/2012/texmf-dist/tex/latex/caption/subcaption.sty
Package: subcaption 2012/01/12 v1.1d Sub-captions (AR)

(/usr/local/texlive/2012/texmf-dist/tex/latex/caption/caption.sty
Package: caption 2012/02/19 v3.2f Customizing captions (AR)

(/usr/local/texlive/2012/texmf-dist/tex/latex/caption/caption3.sty
Package: caption3 2012/01/12 v1.4b caption3 kernel (AR)
\captionmargin=\dimen115
\captionmargin@=\dimen116
\captionwidth=\dimen117
\caption@indent=\dimen118
\caption@parindent=\dimen119
\caption@hangindent=\dimen120
)
\c@ContinuedFloat=\count105
)
\c@subfigure=\count106
\c@subtable=\count107
)
(/usr/local/texlive/2012/texmf-dist/tex/latex/wasysym/wasysym.sty
Package: wasysym 2003/10/30 v2.0 Wasy-2 symbol support package
\symwasy=\mathgroup7
LaTeX Font Info:    Overwriting symbol font `wasy' in version `bold'
(Font)                  U/wasy/m/n --> U/wasy/b/n on input line 90.
)
(/usr/local/texlive/2012/texmf-dist/tex/latex/listings/listings.sty
\lst@mode=\count108
\lst@gtempboxa=\box28
\lst@token=\toks22
\lst@length=\count109
\lst@currlwidth=\dimen121
\lst@column=\count110
\lst@pos=\count111
\lst@lostspace=\dimen122
\lst@width=\dimen123
\lst@newlines=\count112
\lst@lineno=\count113
\lst@maxwidth=\dimen124

(/usr/local/texlive/2012/texmf-dist/tex/latex/listings/lstmisc.sty
File: lstmisc.sty 2007/02/22 1.4 (Carsten Heinz)
\c@lstnumber=\count114
\lst@skipnumbers=\count115
\lst@framebox=\box29
)
(/usr/local/texlive/2012/texmf-dist/tex/latex/listings/listings.cfg
File: listings.cfg 2007/02/22 1.4 listings configuration
))
Package: listings 2007/02/22 1.4 (Carsten Heinz)

(/usr/local/texlive/2012/texmf-dist/tex/latex/was/upgreek.sty
Package: upgreek 2003/02/12 v2.0 (WaS)
Package upgreek Info: Using Euler Roman for upright Greek on input line 31.
\symugrf@m=\mathgroup8
LaTeX Font Info:    Overwriting symbol font `ugrf@m' in version `bold'
(Font)                  U/eur/m/n --> U/eur/b/n on input line 38.
)
(/usr/local/texlive/2012/texmf-dist/tex/generic/babel/babel.sty
Package: babel 2008/07/08 v3.8m The Babel package

(/usr/local/texlive/2012/texmf-dist/tex/generic/babel/dutch.ldf
Language: dutch 2005/03/30 v3.8i Dutch support from the babel system

(/usr/local/texlive/2012/texmf-dist/tex/generic/babel/babel.def
File: babel.def 2008/07/08 v3.8m Babel common definitions
\babel@savecnt=\count116
\U@D=\dimen125
)
Package babel Info: Making " an active character on input line 132.
)
(/usr/local/texlive/2012/texmf-dist/tex/generic/babel/english.ldf
Language: english 2005/03/30 v3.3o English support from the babel system
\l@canadian = a dialect from \language\l@american 
\l@australian = a dialect from \language\l@british 
\l@newzealand = a dialect from \language\l@british 
))
(/usr/local/texlive/2012/texmf-dist/tex/latex/datetime/datetime.sty
Package: datetime 2010/09/21 v2.58 Date Time Package

(/usr/local/texlive/2012/texmf-dist/tex/latex/fmtcount/fmtcount.sty
Package: fmtcount 2009/10/02 v1.31

(/usr/local/texlive/2012/texmf-dist/tex/latex/base/ifthen.sty
Package: ifthen 2001/05/26 v1.1c Standard LaTeX ifthen package (DPC)
)
\c@padzeroesN=\count117

(/usr/local/texlive/2012/texmf-dist/tex/latex/fmtcount/fc-english.def
File: fc-english 2007/05/26
)
(/usr/local/texlive/2012/texmf-dist/tex/latex/fmtcount/fc-UKenglish.def
File: fc-UKenglish 2007/06/14
)
(/usr/local/texlive/2012/texmf-dist/tex/latex/fmtcount/fc-british.def
File: fc-british 2007/06/14
)
(/usr/local/texlive/2012/texmf-dist/tex/latex/fmtcount/fc-USenglish.def
File: fc-USenglish 2007/06/14
)
(/usr/local/texlive/2012/texmf-dist/tex/latex/fmtcount/fc-spanish.def
File: fc-spanish.def 2007/05/26
)
(/usr/local/texlive/2012/texmf-dist/tex/latex/fmtcount/fc-portuges.def
File: fc-portuges.def 2007/05/26
)
(/usr/local/texlive/2012/texmf-dist/tex/latex/fmtcount/fc-french.def
File: fc-french.def 2007/05/26
)
(/usr/local/texlive/2012/texmf-dist/tex/latex/fmtcount/fc-german.def
File: fc-german.def 2007/06/14
)
(/usr/local/texlive/2012/texmf-dist/tex/latex/fmtcount/fc-italian.def
File: fc-italian.def 2009/10/02 Italian support for fmtcount (Edoardo Pasca)
)
No configuration file fmtcount.cfg found.
\@DT@modctr=\count118
\@ordinalctr=\count119
\@orgargctr=\count120
\@strctr=\count121
\@tmpstrctr=\count122
\@DT@loopN=\count123
\@DT@X=\count124
)
\@day=\count125
\@month=\count126
\@year=\count127
\c@HOUR=\count128
\c@HOURXII=\count129
\c@MINUTE=\count130
\c@TOHOUR=\count131
\c@TOMINUTE=\count132
\c@SECOND=\count133
\currenthour=\count134
\currentminute=\count135
\currentsecond=\count136
Package datetime Info: No datetime.cfg file found, using default settings on in
put line 292.
\@dtctr=\count137
\dayofyear=\count138
\dayofweek=\count139
LaTeX Info: Redefining \today on input line 724.
 (/usr/local/texlive/2012/texmf-dist/tex/latex/datetime/dt-USenglish.def
File: dt-USenglish.def 2010/07/07
)
(/usr/local/texlive/2012/texmf-dist/tex/latex/datetime/dt-dutch.def
File: dt-dutch.def 2004/10/31
LaTeX Info: Redefining \datedutch on input line 63.
)
\dt@a=\toks23
\dt@b=\toks24
)
(/usr/local/texlive/2012/texmf-dist/tex/latex/tools/calc.sty
Package: calc 2007/08/22 v4.3 Infix arithmetic (KKT,FJ)
\calc@Acount=\count140
\calc@Bcount=\count141
\calc@Adimen=\dimen126
\calc@Bdimen=\dimen127
\calc@Askip=\skip48
\calc@Bskip=\skip49
LaTeX Info: Redefining \setlength on input line 76.
LaTeX Info: Redefining \addtolength on input line 77.
\calc@Ccount=\count142
\calc@Cskip=\skip50
)
(/usr/local/texlive/2012/texmf-dist/tex/latex/xcolor/xcolor.sty
Package: xcolor 2007/01/21 v2.11 LaTeX color extensions (UK)

(/usr/local/texlive/2012/texmf-dist/tex/latex/latexconfig/color.cfg
File: color.cfg 2007/01/18 v1.5 color configuration of teTeX/TeXLive
)
Package xcolor Info: Driver file: pdftex.def on input line 225.
Package xcolor Info: Model `cmy' substituted by `cmy0' on input line 1337.
Package xcolor Info: Model `hsb' substituted by `rgb' on input line 1341.
Package xcolor Info: Model `RGB' extended on input line 1353.
Package xcolor Info: Model `HTML' substituted by `rgb' on input line 1355.
Package xcolor Info: Model `Hsb' substituted by `hsb' on input line 1356.
Package xcolor Info: Model `tHsb' substituted by `hsb' on input line 1357.
Package xcolor Info: Model `HSB' substituted by `hsb' on input line 1358.
Package xcolor Info: Model `Gray' substituted by `gray' on input line 1359.
Package xcolor Info: Model `wave' substituted by `hsb' on input line 1360.
)
(/usr/local/texlive/2012/texmf-dist/tex/latex/fncychap/fncychap.sty
Package: fncychap 2007/07/30 v1.34 LaTeX package (Revised chapters)
\RW=\skip51
\mylen=\skip52
\myhi=\skip53
\px=\skip54
\py=\skip55
\pyy=\skip56
\pxx=\skip57
)
(/usr/local/texlive/2012/texmf-dist/tex/latex/fancyhdr/fancyhdr.sty
\fancy@headwidth=\skip58
\f@ncyO@elh=\skip59
\f@ncyO@erh=\skip60
\f@ncyO@olh=\skip61
\f@ncyO@orh=\skip62
\f@ncyO@elf=\skip63
\f@ncyO@erf=\skip64
\f@ncyO@olf=\skip65
\f@ncyO@orf=\skip66
)
(/usr/local/texlive/2012/texmf-dist/tex/latex/titling/titling.sty
Package: titling 2009/09/04 v2.1d maketitle typesetting
\thanksmarkwidth=\skip67
\thanksmargin=\skip68
\droptitle=\skip69
))
(/usr/local/texlive/2012/texmf-dist/tex/latex/hyperref/hyperref.sty
Package: hyperref 2012/05/13 v6.82q Hypertext links for LaTeX

(/usr/local/texlive/2012/texmf-dist/tex/generic/oberdiek/hobsub-hyperref.sty
Package: hobsub-hyperref 2012/05/28 v1.13 Bundle oberdiek, subset hyperref (HO)


(/usr/local/texlive/2012/texmf-dist/tex/generic/oberdiek/hobsub-generic.sty
Package: hobsub-generic 2012/05/28 v1.13 Bundle oberdiek, subset generic (HO)
Package: hobsub 2012/05/28 v1.13 Construct package bundles (HO)
Package hobsub Info: Skipping package `infwarerr' (already loaded).
Package hobsub Info: Skipping package `ltxcmds' (already loaded).
Package: ifluatex 2010/03/01 v1.3 Provides the ifluatex switch (HO)
Package ifluatex Info: LuaTeX not detected.
Package: ifvtex 2010/03/01 v1.5 Detect VTeX and its facilities (HO)
Package ifvtex Info: VTeX not detected.
Package: intcalc 2007/09/27 v1.1 Expandable calculations with integers (HO)
Package: ifpdf 2011/01/30 v2.3 Provides the ifpdf switch (HO)
Package ifpdf Info: pdfTeX in PDF mode is detected.
Package: etexcmds 2011/02/16 v1.5 Avoid name clashes with e-TeX commands (HO)
Package etexcmds Info: Could not find \expanded.
(etexcmds)             That can mean that you are not using pdfTeX 1.50 or
(etexcmds)             that some package has redefined \expanded.
(etexcmds)             In the latter case, load this package earlier.
Package: kvsetkeys 2012/04/25 v1.16 Key value parser (HO)
Package: kvdefinekeys 2011/04/07 v1.3 Define keys (HO)
Package: pdftexcmds 2011/11/29 v0.20 Utility functions of pdfTeX for LuaTeX (HO
)
Package pdftexcmds Info: LuaTeX not detected.
Package pdftexcmds Info: \pdf@primitive is available.
Package pdftexcmds Info: \pdf@ifprimitive is available.
Package pdftexcmds Info: \pdfdraftmode found.
Package: pdfescape 2011/11/25 v1.13 Implements pdfTeX's escape features (HO)
Package: bigintcalc 2012/04/08 v1.3 Expandable calculations on big integers (HO
)
Package: bitset 2011/01/30 v1.1 Handle bit-vector datatype (HO)
Package: uniquecounter 2011/01/30 v1.2 Provide unlimited unique counter (HO)
)
Package hobsub Info: Skipping package `hobsub' (already loaded).
Package: letltxmacro 2010/09/02 v1.4 Let assignment for LaTeX macros (HO)
Package: hopatch 2012/05/28 v1.2 Wrapper for package hooks (HO)
Package: xcolor-patch 2011/01/30 xcolor patch
Package: atveryend 2011/06/30 v1.8 Hooks at the very end of document (HO)
Package atveryend Info: \enddocument detected (standard20110627).
Package: atbegshi 2011/10/05 v1.16 At begin shipout hook (HO)
Package: refcount 2011/10/16 v3.4 Data extraction from label references (HO)
Package: hycolor 2011/01/30 v1.7 Color options for hyperref/bookmark (HO)
)
(/usr/local/texlive/2012/texmf-dist/tex/generic/ifxetex/ifxetex.sty
Package: ifxetex 2010/09/12 v0.6 Provides ifxetex conditional
)
(/usr/local/texlive/2012/texmf-dist/tex/latex/oberdiek/kvoptions.sty
Package: kvoptions 2011/06/30 v3.11 Key value format for package options (HO)
)
\@linkdim=\dimen128
\Hy@linkcounter=\count143
\Hy@pagecounter=\count144

(/usr/local/texlive/2012/texmf-dist/tex/latex/hyperref/pd1enc.def
File: pd1enc.def 2012/05/13 v6.82q Hyperref: PDFDocEncoding definition (HO)
Now handling font encoding PD1 ...
... no UTF-8 mapping file for font encoding PD1
)
\Hy@SavedSpaceFactor=\count145

(/usr/local/texlive/2012/texmf-dist/tex/latex/latexconfig/hyperref.cfg
File: hyperref.cfg 2002/06/06 v1.2 hyperref configuration of TeXLive
)
Package hyperref Info: Option `pdfusetitle' set `true' on input line 3941.
Package hyperref Info: Hyper figures OFF on input line 4062.
Package hyperref Info: Link nesting OFF on input line 4067.
Package hyperref Info: Hyper index ON on input line 4070.
Package hyperref Info: Plain pages OFF on input line 4077.
Package hyperref Info: Backreferencing OFF on input line 4082.
Package hyperref Info: Implicit mode ON; LaTeX internals redefined.
Package hyperref Info: Bookmarks ON on input line 4300.
\c@Hy@tempcnt=\count146

(/usr/local/texlive/2012/texmf-dist/tex/latex/url/url.sty
\Urlmuskip=\muskip11
Package: url 2006/04/12  ver 3.3  Verb mode for urls, etc.
)
LaTeX Info: Redefining \url on input line 4653.
\Fld@menulength=\count147
\Field@Width=\dimen129
\Fld@charsize=\dimen130
Package hyperref Info: Hyper figures OFF on input line 5773.
Package hyperref Info: Link nesting OFF on input line 5778.
Package hyperref Info: Hyper index ON on input line 5781.
Package hyperref Info: backreferencing OFF on input line 5788.
Package hyperref Info: Link coloring OFF on input line 5793.
Package hyperref Info: Link coloring with OCG OFF on input line 5798.
Package hyperref Info: PDF/A mode OFF on input line 5803.
LaTeX Info: Redefining \ref on input line 5843.
LaTeX Info: Redefining \pageref on input line 5847.
\Hy@abspage=\count148
\c@Item=\count149
\c@Hfootnote=\count150
)

Package hyperref Message: Driver (autodetected): hpdftex.

(/usr/local/texlive/2012/texmf-dist/tex/latex/hyperref/hpdftex.def
File: hpdftex.def 2012/05/13 v6.82q Hyperref driver for pdfTeX
\Fld@listcount=\count151
\c@bookmark@seq@number=\count152

(/usr/local/texlive/2012/texmf-dist/tex/latex/oberdiek/rerunfilecheck.sty
Package: rerunfilecheck 2011/04/15 v1.7 Rerun checks for auxiliary files (HO)
Package uniquecounter Info: New unique counter `rerunfilecheck' on input line 2
82.
)
\Hy@SectionHShift=\skip70
)
No file Thesis_Sebby_June2017.aux.
\openout1 = `Thesis_Sebby_June2017.aux'.

LaTeX Font Info:    Checking defaults for OML/cmm/m/it on input line 9.
LaTeX Font Info:    ... okay on input line 9.
LaTeX Font Info:    Checking defaults for T1/cmr/m/n on input line 9.
LaTeX Font Info:    ... okay on input line 9.
LaTeX Font Info:    Checking defaults for OT1/cmr/m/n on input line 9.
LaTeX Font Info:    ... okay on input line 9.
LaTeX Font Info:    Checking defaults for OMS/cmsy/m/n on input line 9.
LaTeX Font Info:    ... okay on input line 9.
LaTeX Font Info:    Checking defaults for OMX/cmex/m/n on input line 9.
LaTeX Font Info:    ... okay on input line 9.
LaTeX Font Info:    Checking defaults for U/cmr/m/n on input line 9.
LaTeX Font Info:    ... okay on input line 9.
LaTeX Font Info:    Checking defaults for PD1/pdf/m/n on input line 9.
LaTeX Font Info:    ... okay on input line 9.
LaTeX Font Info:    Try loading font information for OT1+ppl on input line 9.
(/usr/local/texlive/2012/texmf-dist/tex/latex/psnfss/ot1ppl.fd
File: ot1ppl.fd 2001/06/04 font definitions for OT1/ppl.
)
(/usr/local/texlive/2012/texmf-dist/tex/context/base/supp-pdf.mkii
[Loading MPS to PDF converter (version 2006.09.02).]
\scratchcounter=\count153
\scratchdimen=\dimen131
\scratchbox=\box30
\nofMPsegments=\count154
\nofMParguments=\count155
\everyMPshowfont=\toks25
\MPscratchCnt=\count156
\MPscratchDim=\dimen132
\MPnumerator=\count157
\makeMPintoPDFobject=\count158
\everyMPtoPDFconversion=\toks26
) (/usr/local/texlive/2012/texmf-dist/tex/latex/oberdiek/epstopdf-base.sty
Package: epstopdf-base 2010/02/09 v2.5 Base part for package epstopdf

(/usr/local/texlive/2012/texmf-dist/tex/latex/oberdiek/grfext.sty
Package: grfext 2010/08/19 v1.1 Manage graphics extensions (HO)
)
Package grfext Info: Graphics extension search list:
(grfext)             [.png,.pdf,.jpg,.mps,.jpeg,.jbig2,.jb2,.PNG,.PDF,.JPG,.JPE
G,.JBIG2,.JB2,.eps]
(grfext)             \AppendGraphicsExtensions on input line 452.

(/usr/local/texlive/2012/texmf-dist/tex/latex/latexconfig/epstopdf-sys.cfg
File: epstopdf-sys.cfg 2010/07/13 v1.3 Configuration of (r)epstopdf for TeX Liv
e
))
Package caption Info: Begin \AtBeginDocument code.
Package caption Info: hyperref package is loaded.
Package caption Info: listings package is loaded.
Package caption Info: End \AtBeginDocument code.
\c@lstlisting=\count159
\AtBeginShipoutBox=\box31
Package hyperref Info: Link coloring OFF on input line 9.

(/usr/local/texlive/2012/texmf-dist/tex/latex/hyperref/nameref.sty
Package: nameref 2010/04/30 v2.40 Cross-referencing by name of section

(/usr/local/texlive/2012/texmf-dist/tex/generic/oberdiek/gettitlestring.sty
Package: gettitlestring 2010/12/03 v1.4 Cleanup title references (HO)
)
\c@section@level=\count160
)
LaTeX Info: Redefining \ref on input line 9.
LaTeX Info: Redefining \pageref on input line 9.
LaTeX Info: Redefining \nameref on input line 9.
\@outlinefile=\write3
\openout3 = `Thesis_Sebby_June2017.out'.


<logo_leidenuniv.pdf, id=4, 68.255pt x 79.29625pt>
File: logo_leidenuniv.pdf Graphic file (type pdf)
 <use logo_leidenuniv.pdf>
Package pdftex.def Info: logo_leidenuniv.pdf used on input line 11.
(pdftex.def)             Requested size: 71.13188pt x 82.644pt.
LaTeX Font Info:    Try loading font information for OML+zplm on input line 11.


(/usr/local/texlive/2012/texmf-dist/tex/latex/psnfss/omlzplm.fd
File: omlzplm.fd 2002/09/08 Fontinst v1.914 font definitions for OML/zplm.
)
LaTeX Font Info:    Try loading font information for OMS+zplm on input line 11.


(/usr/local/texlive/2012/texmf-dist/tex/latex/psnfss/omszplm.fd
File: omszplm.fd 2002/09/08 Fontinst v1.914 font definitions for OMS/zplm.
)
LaTeX Font Info:    Try loading font information for OMX+zplm on input line 11.


(/usr/local/texlive/2012/texmf-dist/tex/latex/psnfss/omxzplm.fd
File: omxzplm.fd 2002/09/08 Fontinst v1.914 font definitions for OMX/zplm.
)
LaTeX Font Info:    Try loading font information for OT1+zplm on input line 11.


(/usr/local/texlive/2012/texmf-dist/tex/latex/psnfss/ot1zplm.fd
File: ot1zplm.fd 2002/09/08 Fontinst v1.914 font definitions for OT1/zplm.
)
LaTeX Font Info:    Font shape `U/msa/m/n' will be
(Font)              scaled to size 12.50409pt on input line 11.
LaTeX Font Info:    Font shape `U/msa/m/n' will be
(Font)              scaled to size 9.37807pt on input line 11.
LaTeX Font Info:    Font shape `U/msa/m/n' will be
(Font)              scaled to size 7.29405pt on input line 11.
LaTeX Font Info:    Font shape `U/msb/m/n' will be
(Font)              scaled to size 12.50409pt on input line 11.
LaTeX Font Info:    Font shape `U/msb/m/n' will be
(Font)              scaled to size 9.37807pt on input line 11.
LaTeX Font Info:    Font shape `U/msb/m/n' will be
(Font)              scaled to size 7.29405pt on input line 11.
LaTeX Font Info:    Try loading font information for U+wasy on input line 11.

(/usr/local/texlive/2012/texmf-dist/tex/latex/wasysym/uwasy.fd
File: uwasy.fd 2003/10/30 v2.0 Wasy-2 symbol font definitions
) [1

{/usr/local/texlive/2012/texmf-var/fonts/map/pdftex/updmap/pdftex.map} <./logo_
leidenuniv.pdf>] [2

]
LaTeX Font Info:    Font shape `OT1/ppl/bx/n' in size <14.4> not available
(Font)              Font shape `OT1/ppl/b/n' tried instead on input line 11.
LaTeX Font Info:    Try loading font information for OMS+cmtt on input line 11.

LaTeX Font Info:    No file OMScmtt.fd. on input line 11.


LaTeX Font Warning: Font shape `OMS/cmtt/m/n' undefined
(Font)              using `OMS/cmsy/m/n' instead
(Font)              for symbol `textbraceleft' on input line 11.

[3] [4

]
Chapter 1.
LaTeX Font Info:    Try loading font information for OT1+phv on input line 14.
(/usr/local/texlive/2012/texmf-dist/tex/latex/psnfss/ot1phv.fd
File: ot1phv.fd 2001/06/04 scalable font definitions for OT1/phv.
)
LaTeX Font Info:    Try loading font information for OT1+ptm on input line 14.

(/usr/local/texlive/2012/texmf-dist/tex/latex/psnfss/ot1ptm.fd
File: ot1ptm.fd 2001/06/04 font definitions for OT1/ptm.
)
LaTeX Font Info:    Font shape `OT1/ppl/bx/n' in size <24.88> not available
(Font)              Font shape `OT1/ppl/b/n' tried instead on input line 14.
LaTeX Font Info:    Font shape `OT1/ppl/bx/n' in size <12> not available
(Font)              Font shape `OT1/ppl/b/n' tried instead on input line 15.


Package natbib Warning: Citation `Akklc' on page 5 undefined on input line 15.


Overfull \hbox (1.6039pt too wide) in paragraph at lines 15--16
\OT1/ppl/m/n/12 as re-dox switch-ing [\OT1/ppl/b/n/12 ? \OT1/ppl/m/n/12 ], have
 been re-vealed. This switch-ing can be achieved
 []


Overfull \hbox (1.89116pt too wide) in paragraph at lines 15--16
\OT1/ppl/m/n/12 ei-ther chem-i-cally or elec-tro-chem-i-cally. Pre-vi-ously, th
is switch-ing was mon-
 []

[5] [6

]
Chapter 2.
LaTeX Font Info:    Font shape `OT1/ppl/bx/n' in size <17.28> not available
(Font)              Font shape `OT1/ppl/b/n' tried instead on input line 23.

LaTeX Warning: Reference `fluor' on page 7 undefined on input line 24.

<fluorescence.jpg, id=39, 263.98625pt x 159.59625pt>
File: fluorescence.jpg Graphic file (type jpg)
 <use fluorescence.jpg>
Package pdftex.def Info: fluorescence.jpg used on input line 27.
(pdftex.def)             Requested size: 256.0748pt x 154.82277pt.
LaTeX Font Info:    Font shape `OT1/ppl/bx/sl' in size <10.95> not available
(Font)              Font shape `OT1/ppl/b/sl' tried instead on input line 28.

[7]
Underfull \vbox (badness 10000) has occurred while \output is active []

 [8 <./fluorescence.jpg>]
Overfull \hbox (6.51141pt too wide) in paragraph at lines 41--42
\OT1/ppl/m/n/12 cess. The ex-cited state en-ergy can be dis-si-pated as heat, t
he ex-cited molecule
 []


Overfull \hbox (0.25917pt too wide) in paragraph at lines 44--45
\OT1/ppl/m/n/12 donor molecule over-laps the ab-sorp-tion spec-trum of the ac-c
ep-tor molecule
 []

[9]

Package natbib Warning: Citation `Akklc' on page 10 undefined on input line 59.



LaTeX Warning: Reference `azurin' on page 10 undefined on input line 61.


LaTeX Warning: Reference `absorption' on page 10 undefined on input line 61.


Package natbib Warning: Citation `Tabares2014' on page 10 undefined on input li
ne 61.

<azurin1.jpg, id=66, 250.9375pt x 331.2375pt>
File: azurin1.jpg Graphic file (type jpg)
 <use azurin1.jpg>
Package pdftex.def Info: azurin1.jpg used on input line 65.
(pdftex.def)             Requested size: 142.26378pt x 187.79648pt.
LaTeX Font Info:    Font shape `OT1/ppl/bx/n' in size <10.95> not available
(Font)              Font shape `OT1/ppl/b/n' tried instead on input line 66.


Package natbib Warning: Citation `BORMAN2010' on page 10 undefined on input lin
e 66.

<absorp.pdf, id=67, 821.0675pt x 574.145pt>
File: absorp.pdf Graphic file (type pdf)
 <use absorp.pdf>
Package pdftex.def Info: absorp.pdf used on input line 72.
(pdftex.def)             Requested size: 256.0748pt x 179.06068pt.
 [10] [11 <./azurin1.jpg> <./absorp.pdf>]

Package natbib Warning: Citation `Schwille' on page 12 undefined on input line 
82.


LaTeX Warning: Reference `confo_micro' on page 12 undefined on input line 95.


LaTeX Warning: Reference `data_coll' on page 12 undefined on input line 95.


LaTeX Warning: Reference `finding_proteins_1' on page 12 undefined on input lin
e 97.


LaTeX Warning: Reference `lifetime' on page 12 undefined on input line 97.


LaTeX Warning: Reference `TT_exam' on page 12 undefined on input line 98.


Overfull \hbox (0.98468pt too wide) in paragraph at lines 97--99
\OT1/ppl/m/n/12 me-di-a-tor, dif-fer-ent po-ten-tials were ap-plied on ar-eas o
f (10 x 10) $\U/eur/m/n/12 ^^V[][]$\OT1/ppl/m/n/12 , which
 []

[12] <voorbeeld_protein_2.png, id=103, 353.82187pt x 353.82187pt>
File: voorbeeld_protein_2.png Graphic file (type png)

<use voorbeeld_protein_2.png>
Package pdftex.def Info: voorbeeld_protein_2.png used on input line 103.
(pdftex.def)             Requested size: 185.2494pt x 185.25175pt.

<voorbeeld_protein_1.png, id=104, 353.82187pt x 353.82187pt>
File: voorbeeld_protein_1.png Graphic file (type png)

<use voorbeeld_protein_1.png>
Package pdftex.def Info: voorbeeld_protein_1.png used on input line 108.
(pdftex.def)             Requested size: 185.2494pt x 185.25175pt.
LaTeX Font Info:    Font shape `U/msa/m/n' will be
(Font)              scaled to size 11.40997pt on input line 111.
LaTeX Font Info:    Font shape `U/msa/m/n' will be
(Font)              scaled to size 8.33606pt on input line 111.
LaTeX Font Info:    Font shape `U/msa/m/n' will be
(Font)              scaled to size 6.25204pt on input line 111.
LaTeX Font Info:    Font shape `U/msb/m/n' will be
(Font)              scaled to size 11.40997pt on input line 111.
LaTeX Font Info:    Font shape `U/msb/m/n' will be
(Font)              scaled to size 8.33606pt on input line 111.
LaTeX Font Info:    Font shape `U/msb/m/n' will be
(Font)              scaled to size 6.25204pt on input line 111.
 <lifetime.png, id=105, 433.62pt x 289.08pt>
File: lifetime.png Graphic file (type png)

<use lifetime.png>
Package pdftex.def Info: lifetime.png used on input line 117.
(pdftex.def)             Requested size: 350.99762pt x 234.00795pt.
 <tt.png, id=106, 867.24pt x 361.35pt>
File: tt.png Graphic file (type png)
 <use tt.png>
Package pdftex.def Info: tt.png used on input line 126.
(pdftex.def)             Requested size: 390.0pt x 162.50124pt.


LaTeX Warning: Reference `dats_colls' on page 13 undefined on input line 127.


Package natbib Warning: Citation `Diamandis1991' on page 13 undefined on input 
line 132.


Underfull \vbox (badness 10000) has occurred while \output is active []

 [13 <./voorbeeld_protein_2.png> <./voorbeeld_protein_1.png>]
Underfull \vbox (badness 10000) has occurred while \output is active []

 [14 <./lifetime.png> <./tt.png>]

LaTeX Warning: Reference `avadinbinding' on page 15 undefined on input line 134
.

<avadin.png, id=125, 262.9825pt x 216.81pt>
File: avadin.png Graphic file (type png)
 <use avadin.png>
Package pdftex.def Info: avadin.png used on input line 138.
(pdftex.def)             Requested size: 199.16928pt x 164.20828pt.
 [15 <./avadin.png>]

LaTeX Warning: Reference `amp_curve' on page 16 undefined on input line 168.

<it100mV.jpg, id=133, 453.19313pt x 308.65312pt>
File: it100mV.jpg Graphic file (type jpg)
 <use it100mV.jpg>
Package pdftex.def Info: it100mV.jpg used on input line 172.
(pdftex.def)             Requested size: 370.49881pt x 252.33423pt.
 [16]
[17 <./it100mV.jpg>] [18

]
Chapter 3.

LaTeX Warning: Reference `micros' on page 19 undefined on input line 190.

[19] <schem_micros.jpg, id=163, 607.26875pt x 512.91624pt>
File: schem_micros.jpg Graphic file (type jpg)

<use schem_micros.jpg>
Package pdftex.def Info: schem_micros.jpg used on input line 194.
(pdftex.def)             Requested size: 195.0pt x 164.70006pt.


Package natbib Warning: Citation `Gupta2014' on page 20 undefined on input line
 201.


Package natbib Warning: Citation `Zimmermann2010' on page 20 undefined on input
 line 201.


Package natbib Warning: Citation `Hu2001' on page 20 undefined on input line 20
1.


Package natbib Warning: Citation `Halliwell2001' on page 20 undefined on input 
line 201.


LaTeX Warning: Reference `func' on page 20 undefined on input line 201.


LaTeX Warning: Reference `func' on page 20 undefined on input line 201.


LaTeX Warning: Reference `neutra' on page 20 undefined on input line 202.


Overfull \hbox (5.3835pt too wide) in paragraph at lines 201--203
\OT1/ppl/m/n/12 Bio) and 0.05 mg/mL biotin-peg-N-hydroxysuccinimide (MW 3400, L
aysan
 []

[20 <./schem_micros.jpg>]
<funct_sampleslide.png, id=171, 124.59348pt x 208.57121pt>
File: funct_sampleslide.png Graphic file (type png)

<use funct_sampleslide.png>
Package pdftex.def Info: funct_sampleslide.png used on input line 206.
(pdftex.def)             Requested size: 117.00119pt x 195.87236pt.


LaTeX Warning: Reference `functio' on page 21 undefined on input line 214.


Package natbib Warning: Citation `Creutz1981' on page 21 undefined on input lin
e 214.


Package natbib Warning: Citation `Warren2010' on page 21 undefined on input lin
e 214.


LaTeX Warning: Reference `redox_asc' on page 21 undefined on input line 214.

[21 <./funct_sampleslide.png>]
<redox_asc.png, id=179, 695.59875pt x 218.31563pt>
File: redox_asc.png Graphic file (type png)
 <use redox_asc.png>
Package pdftex.def Info: redox_asc.png used on input line 218.
(pdftex.def)             Requested size: 390.0pt x 122.40248pt.


LaTeX Warning: Reference `nernst' on page 22 undefined on input line 223.

LaTeX Font Info:    Try loading font information for OMS+ppl on input line 233.

(/usr/local/texlive/2012/texmf-dist/tex/latex/psnfss/omsppl.fd
File: omsppl.fd 
)
LaTeX Font Info:    Font shape `OMS/ppl/m/n' in size <12> not available
(Font)              Font shape `OMS/cmsy/m/n' tried instead on input line 233.
 [22 <./redox_asc.png>]

LaTeX Warning: Reference `neutra' on page 23 undefined on input line 244.


LaTeX Warning: Reference `avidinratio' on page 23 undefined on input line 244.


LaTeX Warning: Reference `avidinratio' on page 23 undefined on input line 244.


Package natbib Warning: Citation `Lakowicz2006' on page 23 undefined on input l
ine 244.


LaTeX Warning: Reference `finding_proteins' on page 23 undefined on input line 
244.

[23] <ratio_avadin.png, id=193, 285.065pt x 199.74625pt>
File: ratio_avadin.png Graphic file (type png)

<use ratio_avadin.png>
Package pdftex.def Info: ratio_avadin.png used on input line 249.
(pdftex.def)             Requested size: 199.16928pt x 139.5593pt.

Overfull \hbox (4.16928pt too wide) in paragraph at lines 249--250
[][] 
 []

<prot_neutr.png, id=194, 555.42682pt x 135.32385pt>
File: prot_neutr.png Graphic file (type png)
 <use prot_neutr.png>
Package pdftex.def Info: prot_neutr.png used on input line 252.
(pdftex.def)             Requested size: 156.0006pt x 38.0081pt.

<onetooneratio.png, id=195, 426.84468pt x 426.84468pt>
File: onetooneratio.png Graphic file (type png)
 <use onetooneratio.png>
Package pdftex.def Info: onetooneratio.png used on input line 262.
(pdftex.def)             Requested size: 185.2494pt x 185.25258pt.

<onetofive.png, id=196, 421.575pt x 420.82219pt>
File: onetofive.png Graphic file (type png)
 <use onetofive.png>
Package pdftex.def Info: onetofive.png used on input line 267.
(pdftex.def)             Requested size: 185.2494pt x 184.91832pt.
 [24 <./ratio_avadin.png> <./prot_neutr.png>]

LaTeX Warning: Reference `gold_layer' on page 25 undefined on input line 279.

[25 <./onetooneratio.png> <./onetofive.png>]

LaTeX Warning: Reference `gold_layer' on page 26 undefined on input line 282.


LaTeX Warning: Reference `gold_layer' on page 26 undefined on input line 283.


LaTeX Warning: Reference `border' on page 26 undefined on input line 283.

<glass.png, id=214, 167.62625pt x 180.675pt>
File: glass.png Graphic file (type png)
 <use glass.png>
Package pdftex.def Info: glass.png used on input line 289.
(pdftex.def)             Requested size: 136.4994pt x 147.12337pt.

<cross.png, id=215, 200.75pt x 219.82124pt>
File: cross.png Graphic file (type png)
 <use cross.png>
Package pdftex.def Info: cross.png used on input line 294.
(pdftex.def)             Requested size: 136.4994pt x 149.47646pt.


LaTeX Font Warning: Font shape `U/wasy/m/sl' undefined
(Font)              using `U/wasy/m/n' instead on input line 297.

<border_legenda.png, id=216, 572.1375pt x 572.1375pt>
File: border_legenda.png Graphic file (type png)
 <use border_legenda.png>
Package pdftex.def Info: border_legenda.png used on input line 303.
(pdftex.def)             Requested size: 390.0pt x 389.99992pt.


LaTeX Warning: Reference `no_prot' on page 26 undefined on input line 313.


LaTeX Warning: Reference `no_prot' on page 26 undefined on input line 313.


Package natbib Warning: Citation `Elmalk2012' on page 26 undefined on input lin
e 313.

[26] <no_prot_damaged_border.png, id=224, 753.5653pt x 532.23843pt>
File: no_prot_damaged_border.png Graphic file (type png)

<use no_prot_damaged_border.png>
Package pdftex.def Info: no_prot_damaged_border.png used on input line 318.
(pdftex.def)             Requested size: 390.0pt x 275.44992pt.


LaTeX Warning: Reference `no_prot' on page 27 undefined on input line 326.

[27 <./glass.png> <./cross.png>]

LaTeX Warning: Reference `goldenwire_1' on page 28 undefined on input line 333.



LaTeX Warning: Reference `final_setup' on page 28 undefined on input line 333.


Underfull \vbox (badness 10000) has occurred while \output is active []

 [28 <./border_legenda.png>]
Underfull \vbox (badness 2111) has occurred while \output is active []

 [29 <./no_prot_damaged_border.png>] <goldwire_1.png, id=246, 496.85625pt x 386
.94562pt>
File: goldwire_1.png Graphic file (type png)

<use goldwire_1.png>
Package pdftex.def Info: goldwire_1.png used on input line 338.
(pdftex.def)             Requested size: 390.0pt x 303.72935pt.
 <final_setup.png, id=247, 603.856pt x 896.951pt>
File: final_setup.png Graphic file (type png)

<use final_setup.png>
Package pdftex.def Info: final_setup.png used on input line 346.
(pdftex.def)             Requested size: 292.5pt x 434.47327pt.


LaTeX Warning: Reference `grid_1' on page 30 undefined on input line 347.


LaTeX Warning: Float too large for page by 15.67332pt on input line 349.

[30] [31 <./goldwire_1.png>] [32 <./final_setup.png>]
Chapter 4.

Package natbib Warning: Citation `pvd_11' on page 33 undefined on input line 35
3.


Overfull \hbox (0.52335pt too wide) in paragraph at lines 353--355
\OT1/ppl/m/n/12 The ex-per-i-ments were per-formed with the blue cop-per pro-te
in azurin from
 []

[33

]

LaTeX Warning: Reference `it_curves' on page 34 undefined on input line 359.

<it25mV.jpg, id=271, 481.04718pt x 339.51843pt>
File: it25mV.jpg Graphic file (type jpg)
 <use it25mV.jpg>
Package pdftex.def Info: it25mV.jpg used on input line 364.
(pdftex.def)             Requested size: 195.0pt x 137.62854pt.
File: it100mV.jpg Graphic file (type jpg)

<use it100mV.jpg>
Package pdftex.def Info: it100mV.jpg used on input line 370.
(pdftex.def)             Requested size: 185.2494pt x 126.16711pt.


LaTeX Warning: Reference `timetrace_selection' on page 34 undefined on input li
ne 379.

<timetrace_selection.png, id=272, 1055.44313pt x 389.20406pt>
File: timetrace_selection.png Graphic file (type png)

<use timetrace_selection.png>
Package pdftex.def Info: timetrace_selection.png used on input line 383.
(pdftex.def)             Requested size: 390.0pt x 143.8132pt.


Package natbib Warning: Citation `And2004' on page 34 undefined on input line 3
88.


LaTeX Warning: Reference `on_off_times' on page 34 undefined on input line 388.



LaTeX Warning: Reference `autocor' on page 34 undefined on input line 388.

[34 <./it25mV.jpg>] <on_off_test1.png, id=279, 990.70125pt x 615.80063pt>
File: on_off_test1.png Graphic file (type png)

<use on_off_test1.png>
Package pdftex.def Info: on_off_test1.png used on input line 392.
(pdftex.def)             Requested size: 390.0pt x 242.4164pt.


LaTeX Warning: Reference `timetrace_selection' on page 35 undefined on input li
ne 393.

[35 <./timetrace_selection.png>]
<plots_timetraces_diff_pot.png, id=286, 722.7pt x 722.7pt>
File: plots_timetraces_diff_pot.png Graphic file (type png)

<use plots_timetraces_diff_pot.png>
Package pdftex.def Info: plots_timetraces_diff_pot.png used on input line 402.
(pdftex.def)             Requested size: 390.0pt x 389.99855pt.


Package hyperref Warning: Difference (2) between bookmark levels is greater 
(hyperref)                than one, level fixed on input line 410.


LaTeX Warning: Reference `plots_timetraces_diff_pot' on page 36 undefined on in
put line 412.


LaTeX Warning: Reference `absorption' on page 36 undefined on input line 412.


LaTeX Warning: Reference `plots_timetraces_diff_pot' on page 36 undefined on in
put line 412.


LaTeX Warning: Reference `plots_timetraces_diff_pot' on page 36 undefined on in
put line 412.


LaTeX Warning: Reference `autocor' on page 36 undefined on input line 412.


Underfull \vbox (badness 1484) has occurred while \output is active []

 [36 <./on_off_test1.png>]
Underfull \vbox (badness 1558) has occurred while \output is active []

 [37 <./plots_timetraces_diff_pot.png>]

LaTeX Warning: Reference `histograms_disc' on page 38 undefined on input line 4
15.


Package natbib Warning: Citation `Smiley2006' on page 38 undefined on input lin
e 419.


LaTeX Warning: Reference `histograms_disc' on page 38 undefined on input line 4
19.

<Figure_4_4_histogram_thesis.png, id=301, 455.301pt x 565.1514pt>
File: Figure_4_4_histogram_thesis.png Graphic file (type png)

<use Figure_4_4_histogram_thesis.png>
Package pdftex.def Info: Figure_4_4_histogram_thesis.png used on input line 427
.
(pdftex.def)             Requested size: 350.99762pt x 435.69395pt.


LaTeX Warning: Reference `histograms_disc' on page 38 undefined on input line 4
32.


LaTeX Warning: Reference `ox_pros' on page 38 undefined on input line 432.


Package natbib Warning: Citation `Gupta2014a' on page 38 undefined on input lin
e 432.

[38]

Package natbib Warning: Citation `Lippitz2005' on page 39 undefined on input li
ne 434.


Underfull \vbox (badness 10000) has occurred while \output is active []

 [39 <./Figure_4_4_histogram_thesis.png>]

LaTeX Warning: Reference `on_plotjes' on page 40 undefined on input line 437.


LaTeX Warning: Reference `on_plotjes' on page 40 undefined on input line 437.


LaTeX Warning: Reference `on_plotjes_2' on page 40 undefined on input line 438.



Overfull \hbox (25.18268pt too wide) in paragraph at lines 438--439
\OT1/ppl/m/n/12 This ab-sence be-comes stronger when we in-crease the amount of
 turnovers
 []


Overfull \hbox (20.32277pt too wide) in paragraph at lines 440--441
\OT1/ppl/m/n/12 With longer time-traces it is pos-si-ble to plot the cor-re-la-
tion af-ter more turnovers
 []

[40] <tauOnplots.png, id=319, 722.7pt x 1011.78pt>
File: tauOnplots.png Graphic file (type png)
 <use tauOnplots.png>
Package pdftex.def Info: tauOnplots.png used on input line 448.
(pdftex.def)             Requested size: 350.99762pt x 491.392pt.

[41 <./tauOnplots.png>] <100mv_plus100.png, id=326, 722.7pt x 1011.78pt>
File: 100mv_plus100.png Graphic file (type png)

<use 100mv_plus100.png>
Package pdftex.def Info: 100mv_plus100.png used on input line 457.
(pdftex.def)             Requested size: 350.99762pt x 491.392pt.
 [42 <./100mv_plus100.png>]

Package natbib Warning: Citation `English2006' on page 43 undefined on input li
ne 470.


LaTeX Warning: Reference `ox_pros' on page 43 undefined on input line 474.


LaTeX Warning: Reference `MMmech' on page 43 undefined on input line 474.

<expected_fits.png, id=333, 700.11563pt x 568.37344pt>
File: expected_fits.png Graphic file (type png)
 <use expected_fits.png>
Package pdftex.def Info: expected_fits.png used on input line 480.
(pdftex.def)             Requested size: 390.0pt x 316.6218pt.


LaTeX Warning: Reference `plots_timetraces_diff_pot' on page 43 undefined on in
put line 484.


LaTeX Warning: Reference `expected_fit' on page 43 undefined on input line 484.


[43]

Package natbib Warning: Citation `Wai-TakYip1998' on page 44 undefined on input
 line 496.


Package natbib Warning: Citation `Vosch2007' on page 44 undefined on input line
 496.

[44 <./expected_fits.png>]

LaTeX Warning: Reference `single_exp' on page 45 undefined on input line 502.


LaTeX Warning: Reference `nernst' on page 45 undefined on input line 508.


LaTeX Warning: Reference `nernst_tau' on page 45 undefined on input line 513.


Overfull \hbox (7.15941pt too wide) in paragraph at lines 512--514
\OT1/ppl/m/n/12 the av-er-age on- and off-times can be re-lated to the po-ten-t
ial ap-plied. Rewrit-
 []


LaTeX Warning: Reference `t_ratio_plot' on page 45 undefined on input line 517.



Package natbib Warning: Citation `Salverda2010' on page 45 undefined on input l
ine 517.


Package natbib Warning: Citation `Zhang2017' on page 45 undefined on input line
 517.

[45] <midpointhistograms.png, id=360, 722.7pt x 722.7pt>
File: midpointhistograms.png Graphic file (type png)

<use midpointhistograms.png>
Package pdftex.def Info: midpointhistograms.png used on input line 521.
(pdftex.def)             Requested size: 390.0pt x 389.99855pt.

No file Thesis_Sebby_June2017.bbl.

Package natbib Warning: There were undefined citations.

Package atveryend Info: Empty hook `BeforeClearDocument' on input line 529.
[46] [47 <./midpointhistograms.png

pdfTeX warning: /usr/local/texlive/2012/bin/x86_64-darwin/pdflatex (file ./midp
ointhistograms.png): large interlaced PNG might cause out of memory (use non-in
terlaced PNG to fix this)
>]
Package atveryend Info: Empty hook `AfterLastShipout' on input line 529.
 (./Thesis_Sebby_June2017.aux)
Package atveryend Info: Executing hook `AtVeryEndDocument' on input line 529.
Package atveryend Info: Executing hook `AtEndAfterFileList' on input line 529.


Package rerunfilecheck Warning: File `Thesis_Sebby_June2017.out' has changed.
(rerunfilecheck)                Rerun to get outlines right
(rerunfilecheck)                or use package `bookmark'.

Package rerunfilecheck Info: Checksums for `Thesis_Sebby_June2017.out':
(rerunfilecheck)             Before: <no file>
(rerunfilecheck)             After:  D71938C30741518AB63247FB974833C9;1649.

LaTeX Font Warning: Some font shapes were not available, defaults substituted.


LaTeX Warning: There were undefined references.


LaTeX Warning: Label(s) may have changed. Rerun to get cross-references right.

Package atveryend Info: Empty hook `AtVeryVeryEnd' on input line 529.
 ) 
Here is how much of TeX's memory you used:
 11703 strings out of 493488
 169790 string characters out of 3141326
 286471 words of memory out of 3000000
 14596 multiletter control sequences out of 15000+200000
 49311 words of font info for 131 fonts, out of 3000000 for 9000
 957 hyphenation exceptions out of 8191
 49i,12n,45p,2483b,430s stack positions out of 5000i,500n,10000p,200000b,50000s
{/usr/local/texlive/2012/texmf-dist/fonts/enc/dvips/base/8r.enc}</usr/local/t
exlive/2012/texmf-dist/fonts/type1/public/amsfonts/cm/cmex10.pfb></usr/local/te
xlive/2012/texmf-dist/fonts/type1/public/amsfonts/cm/cmr10.pfb></usr/local/texl
ive/2012/texmf-dist/fonts/type1/public/amsfonts/cm/cmsy10.pfb></usr/local/texli
ve/2012/texmf-dist/fonts/type1/public/amsfonts/cm/cmtt12.pfb></usr/local/texliv
e/2012/texmf-dist/fonts/type1/public/amsfonts/euler/eurm10.pfb></usr/local/texl
ive/2012/texmf-dist/fonts/type1/public/mathpazo/fplmr.pfb></usr/local/texlive/2
012/texmf-dist/fonts/type1/public/mathpazo/fplmri.pfb></usr/local/texlive/2012/
texmf-dist/fonts/type1/public/amsfonts/symbols/msam10.pfb></usr/local/texlive/2
012/texmf-dist/fonts/type1/urw/helvetic/uhvr8a.pfb></usr/local/texlive/2012/tex
mf-dist/fonts/type1/urw/palatino/uplb8a.pfb></usr/local/texlive/2012/texmf-dist
/fonts/type1/urw/palatino/uplb8a.pfb></usr/local/texlive/2012/texmf-dist/fonts/
type1/urw/palatino/uplr8a.pfb></usr/local/texlive/2012/texmf-dist/fonts/type1/u
rw/palatino/uplr8a.pfb></usr/local/texlive/2012/texmf-dist/fonts/type1/urw/pala
tino/uplri8a.pfb></usr/local/texlive/2012/texmf-dist/fonts/type1/urw/times/utmr
8a.pfb></usr/local/texlive/2012/texmf-dist/fonts/type1/public/wasy/wasy10.pfb>
Output written on Thesis_Sebby_June2017.pdf (47 pages, 10146381 bytes).
PDF statistics:
 454 PDF objects out of 1000 (max. 8388607)
 327 compressed objects within 4 object streams
 129 named destinations out of 1000 (max. 500000)
 161 words of extra memory for PDF output out of 10000 (max. 10000000)

